{"C:\\practicas\\fuentes\\medical-appointment-backend\\src\\domain\\services\\AppointmentService.ts": {"path":"C:\\practicas\\fuentes\\medical-appointment-backend\\src\\domain\\services\\AppointmentService.ts","statementMap":{"0":{"start":{"line":8,"column":25},"end":{"line":8,"column":69}},"1":{"start":{"line":9,"column":25},"end":{"line":9,"column":48}},"2":{"start":{"line":14,"column":4},"end":{"line":14,"column":55}},"3":{"start":{"line":16,"column":4},"end":{"line":19,"column":5}},"4":{"start":{"line":18,"column":4},"end":{"line":18,"column":44}},"5":{"start":{"line":23,"column":4},"end":{"line":23,"column":64}},"6":{"start":{"line":27,"column":4},"end":{"line":27,"column":80}},"7":{"start":{"line":5,"column":0},"end":{"line":5,"column":13}}},"fnMap":{"0":{"name":"(anonymous_8)","decl":{"start":{"line":12,"column":8},"end":{"line":12,"column":25}},"loc":{"start":{"line":12,"column":50},"end":{"line":20,"column":null}}},"1":{"name":"(anonymous_10)","decl":{"start":{"line":22,"column":8},"end":{"line":22,"column":34}},"loc":{"start":{"line":22,"column":52},"end":{"line":24,"column":null}}},"2":{"name":"(anonymous_12)","decl":{"start":{"line":26,"column":8},"end":{"line":26,"column":31}},"loc":{"start":{"line":26,"column":65},"end":{"line":28,"column":null}}}},"branchMap":{"0":{"loc":{"start":{"line":16,"column":4},"end":{"line":19,"column":5}},"type":"if","locations":[{"start":{"line":16,"column":4},"end":{"line":19,"column":5}}]}},"s":{"0":1,"1":1,"2":1,"3":1,"4":0,"5":0,"6":0,"7":1},"f":{"0":1,"1":0,"2":0},"b":{"0":[0]}}
}
